[2025-04-13 16:45:39,105: INFO: common: yaml file: config/config.yaml loaded successfully]
[2025-04-13 16:45:39,107: INFO: common: yaml file: params.yaml loaded successfully]
[2025-04-13 16:45:57,545: INFO: common: yaml file: config/config.yaml loaded successfully]
[2025-04-13 16:45:57,547: INFO: common: yaml file: params.yaml loaded successfully]
[2025-04-13 16:45:57,548: INFO: common: created directory at: artifacts]
[2025-04-13 16:45:57,548: INFO: common: created directory at: artifacts/data_ingestion]
[2025-04-13 16:50:59,908: INFO: 3424882345: File is downloaded]
[2025-04-13 17:20:42,532: INFO: main: STAGE -- DATA_INGESTION_STAGE INITIATED]
[2025-04-13 17:20:42,533: INFO: common: yaml file: config/config.yaml loaded successfully]
[2025-04-13 17:20:42,533: INFO: common: yaml file: params.yaml loaded successfully]
[2025-04-13 17:20:42,534: INFO: common: created directory at: artifacts]
[2025-04-13 17:20:42,534: INFO: common: created directory at: artifacts/data_ingestion]
[2025-04-13 17:25:44,265: INFO: data_ingestion: File is downloaded]
[2025-04-13 17:25:44,377: INFO: main: STAGE -- DATA_INGESTION_STAGE COMPLETED]
[2025-04-13 18:28:04,806: INFO: config: PyTorch version 2.6.0 available.]
[2025-04-13 18:42:29,465: INFO: common: yaml file: config/config.yaml loaded successfully]
[2025-04-13 18:42:29,468: INFO: common: yaml file: params.yaml loaded successfully]
[2025-04-13 18:42:29,469: INFO: common: created directory at: artifacts]
[2025-04-13 18:43:13,762: INFO: common: yaml file: config/config.yaml loaded successfully]
[2025-04-13 18:43:13,765: INFO: common: yaml file: params.yaml loaded successfully]
[2025-04-13 18:43:13,766: INFO: common: created directory at: artifacts]
[2025-04-13 18:43:13,767: INFO: common: created directory at: artifacts/data_transformation]
[2025-04-13 18:57:23,638: INFO: config: PyTorch version 2.6.0 available.]
[2025-04-13 18:57:23,773: INFO: main: STAGE -- DATA_INGESTION_STAGE INITIATED]
[2025-04-13 18:57:23,774: INFO: common: yaml file: config/config.yaml loaded successfully]
[2025-04-13 18:57:23,774: INFO: common: yaml file: params.yaml loaded successfully]
[2025-04-13 18:57:23,774: INFO: common: created directory at: artifacts]
[2025-04-13 18:57:23,774: INFO: common: created directory at: artifacts/data_ingestion]
[2025-04-13 18:57:23,774: INFO: data_ingestion: File already exists]
[2025-04-13 18:57:23,855: INFO: main: STAGE -- DATA_INGESTION_STAGE COMPLETED]
[2025-04-13 18:57:23,855: INFO: main: STAGE -- DATA_TRANSFORMATION_STAGE INITIATED]
[2025-04-13 18:57:23,855: INFO: common: yaml file: config/config.yaml loaded successfully]
[2025-04-13 18:57:23,856: INFO: common: yaml file: params.yaml loaded successfully]
[2025-04-13 18:57:23,856: INFO: common: created directory at: artifacts]
[2025-04-13 18:57:23,856: INFO: common: created directory at: artifacts/data_transformation]
[2025-04-13 18:58:46,701: INFO: main: STAGE -- DATA_TRANSFORMATION_STAGE COMPLETED]
[2025-04-13 21:22:14,730: INFO: config: PyTorch version 2.6.0 available.]
[2025-04-13 21:34:12,953: INFO: common: yaml file: config/config.yaml loaded successfully]
[2025-04-13 21:34:12,956: INFO: common: yaml file: params.yaml loaded successfully]
[2025-04-13 21:34:12,957: INFO: common: created directory at: artifacts]
[2025-04-13 21:34:12,957: INFO: common: created directory at: artifacts/model_trainer]
[2025-04-13 21:41:12,842: INFO: common: yaml file: config/config.yaml loaded successfully]
[2025-04-13 21:41:12,845: INFO: common: yaml file: params.yaml loaded successfully]
[2025-04-13 21:41:12,846: INFO: common: created directory at: artifacts]
[2025-04-13 21:41:12,847: INFO: common: created directory at: artifacts/model_trainer]
[2025-04-13 21:44:49,784: INFO: common: yaml file: config/config.yaml loaded successfully]
[2025-04-13 21:44:49,811: INFO: common: yaml file: params.yaml loaded successfully]
[2025-04-13 21:44:49,823: INFO: common: created directory at: artifacts]
[2025-04-13 21:44:49,831: INFO: common: created directory at: artifacts/model_trainer]
[2025-04-13 21:45:12,802: INFO: config: PyTorch version 2.6.0 available.]
[2025-04-13 21:45:26,417: INFO: config: PyTorch version 2.6.0 available.]
[2025-04-13 21:45:28,935: INFO: common: yaml file: config/config.yaml loaded successfully]
[2025-04-13 21:45:28,938: INFO: common: yaml file: params.yaml loaded successfully]
[2025-04-13 21:45:28,939: INFO: common: created directory at: artifacts]
[2025-04-13 21:45:28,939: INFO: common: created directory at: artifacts/model_trainer]
[2025-04-13 21:47:20,191: INFO: config: PyTorch version 2.6.0 available.]
[2025-04-13 21:47:22,605: INFO: common: yaml file: config/config.yaml loaded successfully]
[2025-04-13 21:47:22,608: INFO: common: yaml file: params.yaml loaded successfully]
[2025-04-13 21:47:22,609: INFO: common: created directory at: artifacts]
[2025-04-13 21:47:22,609: INFO: common: created directory at: artifacts/model_trainer]
[2025-04-13 22:20:54,870: INFO: config: PyTorch version 2.6.0 available.]
[2025-04-13 22:21:24,786: INFO: common: yaml file: config/config.yaml loaded successfully]
[2025-04-13 22:21:24,790: INFO: common: yaml file: params.yaml loaded successfully]
[2025-04-13 22:21:24,791: INFO: common: created directory at: artifacts]
[2025-04-13 22:21:24,792: INFO: common: created directory at: artifacts/model_evaluation]
[2025-04-13 22:22:46,555: INFO: common: yaml file: config/config.yaml loaded successfully]
[2025-04-13 22:22:46,558: INFO: common: yaml file: params.yaml loaded successfully]
[2025-04-13 22:22:46,559: INFO: common: created directory at: artifacts]
[2025-04-13 22:22:46,560: INFO: common: created directory at: artifacts/model_evaluation]
[2025-04-13 22:47:29,067: INFO: server: Started server process [74399]]
[2025-04-13 22:47:29,067: INFO: on: Waiting for application startup.]
[2025-04-13 22:47:29,067: INFO: on: Application startup complete.]
[2025-04-13 22:47:29,068: INFO: server: Uvicorn running on http://0.0.0.0:8080 (Press CTRL+C to quit)]
[2025-04-13 22:48:14,029: INFO: common: yaml file: config/config.yaml loaded successfully]
[2025-04-13 22:48:14,032: INFO: common: yaml file: params.yaml loaded successfully]
[2025-04-13 22:48:14,032: INFO: common: created directory at: artifacts]
[2025-04-13 22:48:14,032: INFO: common: created directory at: artifacts/model_evaluation]
[2025-04-13 22:49:26,759: INFO: common: yaml file: config/config.yaml loaded successfully]
[2025-04-13 22:49:26,762: INFO: common: yaml file: params.yaml loaded successfully]
[2025-04-13 22:49:26,764: INFO: common: created directory at: artifacts]
[2025-04-13 22:49:26,764: INFO: common: created directory at: artifacts/model_evaluation]
[2025-04-13 22:50:52,626: INFO: server: Shutting down]
[2025-04-13 22:50:52,733: INFO: on: Waiting for application shutdown.]
[2025-04-13 22:50:52,739: INFO: on: Application shutdown complete.]
[2025-04-13 22:50:52,739: INFO: server: Finished server process [74399]]
